<?xml version="1.0" encoding="UTF-8"?>
<coverage generated="1678820455647" clover="3.2.0">
  <project timestamp="1678820455647" name="All files">
    <metrics statements="43" coveredstatements="41" conditionals="2" coveredconditionals="2" methods="21" coveredmethods="20" elements="66" coveredelements="63" complexity="0" loc="43" ncloc="43" packages="8" files="10" classes="10"/>
    <package name="src">
      <metrics statements="7" coveredstatements="5" conditionals="0" coveredconditionals="0" methods="3" coveredmethods="2"/>
      <file name="App.tsx" path="D:\My_Projects\RSS_React\ReactComponents\src\App.tsx">
        <metrics statements="6" coveredstatements="5" conditionals="0" coveredconditionals="0" methods="3" coveredmethods="2"/>
        <line num="15" count="1" type="stmt"/>
        <line num="16" count="1" type="stmt"/>
        <line num="21" count="1" type="stmt"/>
        <line num="22" count="0" type="stmt"/>
        <line num="26" count="1" type="stmt"/>
        <line num="27" count="1" type="stmt"/>
      </file>
      <file name="main.tsx" path="D:\My_Projects\RSS_React\ReactComponents\src\main.tsx">
        <metrics statements="1" coveredstatements="0" conditionals="0" coveredconditionals="0" methods="0" coveredmethods="0"/>
        <line num="7" count="0" type="stmt"/>
      </file>
    </package>
    <package name="src.components">
      <metrics statements="1" coveredstatements="1" conditionals="0" coveredconditionals="0" methods="1" coveredmethods="1"/>
      <file name="Page404.tsx" path="D:\My_Projects\RSS_React\ReactComponents\src\components\Page404.tsx">
        <metrics statements="1" coveredstatements="1" conditionals="0" coveredconditionals="0" methods="1" coveredmethods="1"/>
        <line num="2" count="1" type="stmt"/>
      </file>
    </package>
    <package name="src.components.AboutUs">
      <metrics statements="1" coveredstatements="1" conditionals="0" coveredconditionals="0" methods="1" coveredmethods="1"/>
      <file name="AboutUs.tsx" path="D:\My_Projects\RSS_React\ReactComponents\src\components\AboutUs\AboutUs.tsx">
        <metrics statements="1" coveredstatements="1" conditionals="0" coveredconditionals="0" methods="1" coveredmethods="1"/>
        <line num="2" count="1" type="stmt"/>
      </file>
    </package>
    <package name="src.components.Card">
      <metrics statements="3" coveredstatements="3" conditionals="0" coveredconditionals="0" methods="1" coveredmethods="1"/>
      <file name="Card.tsx" path="D:\My_Projects\RSS_React\ReactComponents\src\components\Card\Card.tsx">
        <metrics statements="3" coveredstatements="3" conditionals="0" coveredconditionals="0" methods="1" coveredmethods="1"/>
        <line num="21" count="25" type="stmt"/>
        <line num="22" count="25" type="stmt"/>
        <line num="23" count="25" type="stmt"/>
      </file>
    </package>
    <package name="src.components.Collection">
      <metrics statements="9" coveredstatements="9" conditionals="0" coveredconditionals="0" methods="5" coveredmethods="5"/>
      <file name="Collection.tsx" path="D:\My_Projects\RSS_React\ReactComponents\src\components\Collection\Collection.tsx">
        <metrics statements="9" coveredstatements="9" conditionals="0" coveredconditionals="0" methods="5" coveredmethods="5"/>
        <line num="26" count="1" type="stmt"/>
        <line num="27" count="1" type="stmt"/>
        <line num="32" count="1" type="stmt"/>
        <line num="33" count="1" type="stmt"/>
        <line num="34" count="24" type="stmt"/>
        <line num="38" count="1" type="stmt"/>
        <line num="39" count="1" type="stmt"/>
        <line num="41" count="1" type="stmt"/>
        <line num="44" count="24" type="stmt"/>
      </file>
    </package>
    <package name="src.components.Header">
      <metrics statements="1" coveredstatements="1" conditionals="0" coveredconditionals="0" methods="1" coveredmethods="1"/>
      <file name="Header.tsx" path="D:\My_Projects\RSS_React\ReactComponents\src\components\Header\Header.tsx">
        <metrics statements="1" coveredstatements="1" conditionals="0" coveredconditionals="0" methods="1" coveredmethods="1"/>
        <line num="12" count="2" type="stmt"/>
      </file>
    </package>
    <package name="src.components.Layout">
      <metrics statements="1" coveredstatements="1" conditionals="0" coveredconditionals="0" methods="1" coveredmethods="1"/>
      <file name="Layout.tsx" path="D:\My_Projects\RSS_React\ReactComponents\src\components\Layout\Layout.tsx">
        <metrics statements="1" coveredstatements="1" conditionals="0" coveredconditionals="0" methods="1" coveredmethods="1"/>
        <line num="12" count="1" type="stmt"/>
      </file>
    </package>
    <package name="src.components.Search">
      <metrics statements="20" coveredstatements="20" conditionals="2" coveredconditionals="2" methods="8" coveredmethods="8"/>
      <file name="SearchComponent.tsx" path="D:\My_Projects\RSS_React\ReactComponents\src\components\Search\SearchComponent.tsx">
        <metrics statements="8" coveredstatements="8" conditionals="0" coveredconditionals="0" methods="3" coveredmethods="3"/>
        <line num="12" count="5" type="stmt"/>
        <line num="13" count="17" type="stmt"/>
        <line num="14" count="17" type="stmt"/>
        <line num="17" count="5" type="stmt"/>
        <line num="18" count="2" type="stmt"/>
        <line num="19" count="2" type="stmt"/>
        <line num="23" count="22" type="stmt"/>
        <line num="24" count="22" type="stmt"/>
      </file>
      <file name="SearchContainer.tsx" path="D:\My_Projects\RSS_React\ReactComponents\src\components\Search\SearchContainer.tsx">
        <metrics statements="12" coveredstatements="12" conditionals="2" coveredconditionals="2" methods="5" coveredmethods="5"/>
        <line num="14" count="4" type="stmt"/>
        <line num="15" count="4" type="stmt"/>
        <line num="21" count="4" type="stmt"/>
        <line num="22" count="4" type="stmt"/>
        <line num="25" count="4" type="stmt"/>
        <line num="26" count="17" type="stmt"/>
        <line num="29" count="4" type="stmt"/>
        <line num="30" count="1" type="stmt"/>
        <line num="31" count="1" type="stmt"/>
        <line num="32" count="1" type="stmt"/>
        <line num="36" count="21" type="stmt"/>
        <line num="37" count="21" type="stmt"/>
      </file>
    </package>
  </project>
</coverage>
