TN:
SF:src\App.tsx
FN:14,(anonymous_0)
FN:21,(anonymous_1)
FN:25,(anonymous_2)
FNF:3
FNH:2
FNDA:1,(anonymous_0)
FNDA:0,(anonymous_1)
FNDA:1,(anonymous_2)
DA:15,1
DA:16,1
DA:21,1
DA:22,0
DA:26,1
DA:27,1
LF:6
LH:5
BRF:0
BRH:0
end_of_record
TN:
SF:src\main.tsx
FNF:0
FNH:0
DA:7,0
LF:1
LH:0
BRF:0
BRH:0
end_of_record
TN:
SF:src\components\Page404.tsx
FN:1,ErrorPage
FNF:1
FNH:1
FNDA:1,ErrorPage
DA:2,1
LF:1
LH:1
BRF:0
BRH:0
end_of_record
TN:
SF:src\components\AboutUs\AboutUs.tsx
FN:1,AboutUs
FNF:1
FNH:1
FNDA:1,AboutUs
DA:2,1
LF:1
LH:1
BRF:0
BRH:0
end_of_record
TN:
SF:src\components\Card\Card.tsx
FN:20,(anonymous_0)
FNF:1
FNH:1
FNDA:25,(anonymous_0)
DA:21,25
DA:22,25
DA:23,25
LF:3
LH:3
BRF:0
BRH:0
end_of_record
TN:
SF:src\components\Collection\Collection.tsx
FN:25,(anonymous_0)
FN:32,(anonymous_1)
FN:34,(anonymous_2)
FN:37,(anonymous_3)
FN:43,(anonymous_4)
FNF:5
FNH:5
FNDA:1,(anonymous_0)
FNDA:1,(anonymous_1)
FNDA:24,(anonymous_2)
FNDA:1,(anonymous_3)
FNDA:24,(anonymous_4)
DA:26,1
DA:27,1
DA:32,1
DA:33,1
DA:34,24
DA:38,1
DA:39,1
DA:41,1
DA:44,24
LF:9
LH:9
BRF:0
BRH:0
end_of_record
TN:
SF:src\components\Header\Header.tsx
FN:11,(anonymous_0)
FNF:1
FNH:1
FNDA:2,(anonymous_0)
DA:12,2
LF:1
LH:1
BRF:0
BRH:0
end_of_record
TN:
SF:src\components\Layout\Layout.tsx
FN:11,(anonymous_0)
FNF:1
FNH:1
FNDA:1,(anonymous_0)
DA:12,1
LF:1
LH:1
BRF:0
BRH:0
end_of_record
TN:
SF:src\components\Search\SearchComponent.tsx
FN:12,(anonymous_0)
FN:17,(anonymous_1)
FN:22,(anonymous_2)
FNF:3
FNH:3
FNDA:17,(anonymous_0)
FNDA:2,(anonymous_1)
FNDA:22,(anonymous_2)
DA:12,5
DA:13,17
DA:14,17
DA:17,5
DA:18,2
DA:19,2
DA:23,22
DA:24,22
LF:8
LH:8
BRF:0
BRH:0
end_of_record
TN:
SF:src\components\Search\SearchContainer.tsx
FN:13,(anonymous_0)
FN:20,(anonymous_1)
FN:25,(anonymous_2)
FN:29,(anonymous_3)
FN:35,(anonymous_4)
FNF:5
FNH:5
FNDA:4,(anonymous_0)
FNDA:4,(anonymous_1)
FNDA:17,(anonymous_2)
FNDA:1,(anonymous_3)
FNDA:21,(anonymous_4)
DA:14,4
DA:15,4
DA:21,4
DA:22,4
DA:25,4
DA:26,17
DA:29,4
DA:30,1
DA:31,1
DA:32,1
DA:36,21
DA:37,21
LF:12
LH:12
BRDA:16,0,0,4
BRDA:16,0,1,3
BRF:2
BRH:2
end_of_record
